[debug] [2022-10-08T16:56:08.749Z] ----------------------------------------------------------------------
[debug] [2022-10-08T16:56:08.752Z] Command:       C:\Program Files\nodejs\node.exe C:\Users\USER\AppData\Roaming\npm\node_modules\firebase-tools\lib\bin\firebase.js deploy
[debug] [2022-10-08T16:56:08.752Z] CLI Version:   11.9.0
[debug] [2022-10-08T16:56:08.752Z] Platform:      win32
[debug] [2022-10-08T16:56:08.753Z] Node Version:  v14.18.1
[debug] [2022-10-08T16:56:08.760Z] Time:          Sat Oct 08 2022 22:56:08 GMT+0600 (Bangladesh Standard Time)
[debug] [2022-10-08T16:56:08.761Z] ----------------------------------------------------------------------
[debug] 
[debug] [2022-10-08T16:56:08.771Z] >>> [apiv2][query] GET https://firebase-public.firebaseio.com/cli.json [none]
[debug] [2022-10-08T16:56:08.881Z] > command requires scopes: ["email","openid","https://www.googleapis.com/auth/cloudplatformprojects.readonly","https://www.googleapis.com/auth/firebase","https://www.googleapis.com/auth/cloud-platform"]
[debug] [2022-10-08T16:56:08.881Z] > authorizing via signed-in user (mislam172131@bscse.uiu.ac.bd)
[debug] [2022-10-08T16:56:08.882Z] [iam] checking project autism-32725 for permissions ["firebase.projects.get","firebasehosting.sites.update"]
[debug] [2022-10-08T16:56:08.883Z] > refreshing access token with scopes: []
[debug] [2022-10-08T16:56:08.884Z] >>> [apiv2][query] POST https://www.googleapis.com/oauth2/v3/token [none]
[debug] [2022-10-08T16:56:08.884Z] >>> [apiv2][body] POST https://www.googleapis.com/oauth2/v3/token [omitted]
[debug] [2022-10-08T16:56:10.724Z] <<< [apiv2][status] POST https://www.googleapis.com/oauth2/v3/token 200
[debug] [2022-10-08T16:56:10.725Z] <<< [apiv2][body] POST https://www.googleapis.com/oauth2/v3/token [omitted]
[debug] [2022-10-08T16:56:10.735Z] >>> [apiv2][query] POST https://cloudresourcemanager.googleapis.com/v1/projects/autism-32725:testIamPermissions [none]
[debug] [2022-10-08T16:56:10.736Z] >>> [apiv2][(partial)header] POST https://cloudresourcemanager.googleapis.com/v1/projects/autism-32725:testIamPermissions x-goog-quota-user=projects/autism-32725
[debug] [2022-10-08T16:56:10.736Z] >>> [apiv2][body] POST https://cloudresourcemanager.googleapis.com/v1/projects/autism-32725:testIamPermissions {"permissions":["firebase.projects.get","firebasehosting.sites.update"]}
[debug] [2022-10-08T16:56:11.519Z] <<< [apiv2][status] GET https://firebase-public.firebaseio.com/cli.json 200
[debug] [2022-10-08T16:56:11.520Z] <<< [apiv2][body] GET https://firebase-public.firebaseio.com/cli.json {"cloudBuildErrorAfter":1594252800000,"cloudBuildWarnAfter":1590019200000,"defaultNode10After":1594252800000,"minVersion":"3.0.5","node8DeploysDisabledAfter":1613390400000,"node8RuntimeDisabledAfter":1615809600000,"node8WarnAfter":1600128000000}
[debug] [2022-10-08T16:56:12.280Z] <<< [apiv2][status] POST https://cloudresourcemanager.googleapis.com/v1/projects/autism-32725:testIamPermissions 200
[debug] [2022-10-08T16:56:12.280Z] <<< [apiv2][body] POST https://cloudresourcemanager.googleapis.com/v1/projects/autism-32725:testIamPermissions {"permissions":["firebase.projects.get","firebasehosting.sites.update"]}
[debug] [2022-10-08T16:56:12.281Z] >>> [apiv2][query] GET https://firebase.googleapis.com/v1beta1/projects/autism-32725 [none]
[debug] [2022-10-08T16:56:12.827Z] <<< [apiv2][status] GET https://firebase.googleapis.com/v1beta1/projects/autism-32725 200
[debug] [2022-10-08T16:56:12.827Z] <<< [apiv2][body] GET https://firebase.googleapis.com/v1beta1/projects/autism-32725 {"projectId":"autism-32725","projectNumber":"203259896312","displayName":"autism","name":"projects/autism-32725","resources":{"hostingSite":"autism-32725"},"state":"ACTIVE","etag":"1_3f61ecd8-be7b-4fc6-bb2a-ce15daf4dc23"}
[info] 
[info] === Deploying to 'autism-32725'...
[info] 
[info] i  deploying hosting 
[debug] [2022-10-08T16:56:12.831Z] >>> [apiv2][query] GET https://firebase.googleapis.com/v1beta1/projects/autism-32725 [none]
[debug] [2022-10-08T16:56:13.448Z] <<< [apiv2][status] GET https://firebase.googleapis.com/v1beta1/projects/autism-32725 200
[debug] [2022-10-08T16:56:13.449Z] <<< [apiv2][body] GET https://firebase.googleapis.com/v1beta1/projects/autism-32725 {"projectId":"autism-32725","projectNumber":"203259896312","displayName":"autism","name":"projects/autism-32725","resources":{"hostingSite":"autism-32725"},"state":"ACTIVE","etag":"1_3f61ecd8-be7b-4fc6-bb2a-ce15daf4dc23"}
[debug] [2022-10-08T16:56:13.457Z] >>> [apiv2][query] POST https://firebasehosting.googleapis.com/v1beta1/projects/203259896312/sites/autism-32725/versions [none]
[debug] [2022-10-08T16:56:13.458Z] >>> [apiv2][body] POST https://firebasehosting.googleapis.com/v1beta1/projects/203259896312/sites/autism-32725/versions {"config":{"rewrites":[{"glob":"**","path":"/index.html"}]},"labels":{"deployment-tool":"cli-firebase"}}
[debug] [2022-10-08T16:56:15.182Z] <<< [apiv2][status] POST https://firebasehosting.googleapis.com/v1beta1/projects/203259896312/sites/autism-32725/versions 200
[debug] [2022-10-08T16:56:15.182Z] <<< [apiv2][body] POST https://firebasehosting.googleapis.com/v1beta1/projects/203259896312/sites/autism-32725/versions {"name":"projects/203259896312/sites/autism-32725/versions/fef6855854766c0e","status":"CREATED","config":{"rewrites":[{"glob":"**","path":"/index.html"}]},"labels":{"deployment-tool":"cli-firebase"}}
[info] i  hosting[autism-32725]: beginning deploy... 
[info] i  hosting[autism-32725]: found 80 files in build 
[debug] [2022-10-08T16:56:15.224Z] [hosting] uploading with 200 concurrency
[debug] [2022-10-08T16:56:15.789Z] [hosting] hash cache [YnVpbGQ] stored for 80 files
[debug] [2022-10-08T16:56:15.790Z] [hosting][hash queue][FINAL] {"max":549,"min":1,"avg":61.528794381212585,"active":0,"complete":80,"success":80,"errored":0,"retried":0,"total":80,"elapsed":561}
[debug] [2022-10-08T16:56:15.790Z] >>> [apiv2][query] POST https://firebasehosting.googleapis.com/v1beta1/projects/203259896312/sites/autism-32725/versions/fef6855854766c0e:populateFiles [none]
[debug] [2022-10-08T16:56:15.790Z] >>> [apiv2][body] POST https://firebasehosting.googleapis.com/v1beta1/projects/203259896312/sites/autism-32725/versions/fef6855854766c0e:populateFiles {"files":{"/favicon.ico":"eae62e993eb980ec8a25058c39d5a51feab118bd2100c4deebb2a9c158ec11f9","/logo192.png":"3ee59515172ee198f3be375979df15ac5345183e656720a381b8872b2a39dc8b","/logo512.png":"ee7e2f3fdb8209c4b6fd7bef6ba50d1b9dba30a25bb5c3126df057e1cb6f5331","/manifest.json":"aff3449bdc238776f5d6d967f19ec491b36aed5fb7f23ccff6500736fd58494a","/robots.txt":"bfe106a3fb878dc83461c86818bf74fc1bdc7f28538ba613cd3e775516ce8b49","/images/about.webp":"06a51a9388bee87e2d3cd7351b3930bb7d6c22444ff93fae067c612ff718a350","/images/autism.jpg":"cceec27d44751f82bd894af9c0b5039e68dc7b6fa262f552faf20f9f433b7a06","/images/awrapper.webp":"e94101a4592f97d2e89f04e1652a8d5557bf1375d4480a2463788f8426949e05","/images/back.webp":"d7a14e5b95d66aa51acddefc5006437e1796effd08049318d39131df0b47cbbd","/images/bg.webp":"21711498408a8463a91104ce98900464e98b759186e16a7580b547af12deb552","/images/blog/b1.webp":"aec269e9e8c97cb3c7ba1fcd7e6ea3be6b26dabe4bf2dae9f0b7090226377800","/images/blog/b2.webp":"d09510cc8d36344c9b14a1e7cabf73f488c7d678ed139a81986432cc7a636db3","/images/blog/b3.webp":"e611e8829a76a5342a3d2f8b40dd3de85c7817fe82ccfa4ec787db6f4219ee2e","/images/blog/b4.webp":"96d499b0d992043287bce10e393d13e63f0a31ef410ab89b03ba925a54b1b8ab","/images/blog/b5.webp":"f2ca62adde763e05d83753f2f1d9a31467c37935422edb6d5ba1011f92cd715e","/images/blog/b6.webp":"8307a69704efd4ac82a2e8a8c6b58ba75d1fdb87c2538ae61545e9d39a488513","/images/courses/c1.png":"f8bab08e136942412052db4de671ad27933536eed2e2917960e1c763ffabe1b6","/images/courses/c2.png":"1952f0f6810e91b5669a7fc8617f15ccbfcd880d80fc55f82c48d038a4be8db9","/images/courses/c3.png":"1f2820af25b6066e9b02e8fc22c604b4607b1e7182f05f0589e2791b6c9aa021","/images/courses/c4.png":"f97830a0f3fbae44edb99ddd0685c5c5948e4b6c8e098aa50c8a61f6d0e31123","/images/courses/c5.png":"88d99a11053a7a53b34a735ffe5d6fafaa91b7f053a16444c804f4667ee0e137","/images/courses/c6.png":"b3db9cccadd64991cc8ce78212ebc67ce0cf3c82486e81eb4a46465c90ba4a5d","/images/courses/c7.png":"1235d9d45ed79e3170c56602258e449dc3483b4295482318b08864504cc52949","/images/courses/c8.png":"02611b9a18aec07990d95492e05e466a1d4a01fd768e689ee56d31f3b0e0dd48","/images/courses/c9.png":"d1f52a78e6d5e82c63aa0938f175af3c3ab0294b763bdabe97732261c641ac29","/images/courses/online/o1.1.png":"93b08c80360e31cb6c656ead1786ea5c1feacbcc36fcae7e17f6b9eaa88aed7a","/images/courses/online/o1.png":"9649e5a265255da776d364b9aa063a85a2af8f1ebb06d69b458be8e976045af9","/images/courses/online/o10.1.png":"71098eb688dd460b74ad5b14af012c18330d130305dded335df4387287f20357","/images/courses/online/o10.png":"00bd0eaf786107080a71cc832fb59346e70595bfd42adc5855cfbdd8e7dc30da","/images/courses/online/o11.1.png":"84576ee83284e8ea3c5dbad0c34ba228403235d1bffd55d4122ccd302bee76dc","/images/courses/online/o11.png":"625455cfd5c2383a9a71f52c58d89b917bdc2773156c5947a7e9520340afaec0","/images/courses/online/o12.1.png":"371a095d07f900901e7a7e02b4657962e114994b86a555beb0778065b08093e2","/images/courses/online/o12.png":"6c718120654df04adf37c7f77b88cecbc2993685ed87ca1ccb09e1f1e3f03522","/images/courses/online/o2.1.png":"d514de0bec7a5914b2f3a60d68155291bc0a89c28c21f064efaeeef694de68cd","/images/courses/online/o2.png":"0d9ae78686be29ad0469bb75d974b240a6319199def7afa7db076654b89ab548","/images/courses/online/o3.1.png":"d2dbdb2d708e8419b87803c13e806c5c33912fe8948d8c16572f2663d9390f8b","/images/courses/online/o3.png":"d4d8e2c80d7282c462194cc6ef3f7039ab13152751cb0ffbbddec6c0d59fcfe4","/images/courses/online/o4.1.png":"9c952a4846770494ed8acc24afbd02f6b52b5f1ddc6c2c6c313ddaba43cd0d14","/images/courses/online/o4.png":"a58e5025ba1bfab16bff485403ad4e5db47d2817fed364a0a047dc5f629301a9","/images/courses/online/o5.1.png":"f37907b6d61a6ab0d612e75cf4ff90d5fa72cd76da2cf968525a0734923229b7","/images/courses/online/o5.png":"9e1a52130c0fa0069090927bac97fa163e7aa385ae064ec3d4bf4302af49333b","/images/courses/online/o6.1.png":"a750e8b876451bfe9d80c4406bb8f99affe175862657b957b4e6301128cebe96","/images/courses/online/o6.png":"a4db217bdc9819f44d69c5d15854d4468eadf7f8e5bdcb8cb7c7b8f941cffc52","/images/courses/online/o7.1.png":"3f958d0de2ae1d59f821524e56920c0b5352bd2d6985c6db659317596d2ea70c","/images/courses/online/o7.png":"9804b28cab0ca06db1e3b369d5454d632c4aeccfda17eb1951b59cfdb2785f69","/images/courses/online/o8.1.png":"c76f1e3b80681ff61a76ef770447eb9d26d56fd98ab3bdac03038831e939167f","/images/courses/online/o8.png":"964e79061d6ec487b124063c29542f9bf140586e2eda05d4484b60f03644ffd4","/images/courses/online/o9.1.png":"32a86938aecae64d6f3aa036c325e960f617dfc443f156f01e0b5d56b1d59ede","/images/courses/online/o9.png":"3c05bfc26c7a3e497af6545b3c651e01fdc6d11fb62397456e2672b454f27af3","/images/team/t1.webp":"9a43d9b071eed7162fc850bd693da5009fa8c921868e9783c418143aa8433c8f","/images/team/t2.webp":"aef3c0eeeff8709b8a4371167c7fc4e2501dd05981749109583d53e4a4fc3875","/images/team/t3.webp":"a111ced7f74c51d1d301363cd5d78975dd74fe09a127462dd36b5f1a6b329294","/images/team/t4.webp":"30a6b1b863cad852d7e096ce389e219bede3a32ea458dbd3576b76ca1aeddf9d","/images/team/t5.webp":"9a43d9b071eed7162fc850bd693da5009fa8c921868e9783c418143aa8433c8f","/images/team/t6.webp":"aef3c0eeeff8709b8a4371167c7fc4e2501dd05981749109583d53e4a4fc3875","/images/team/t7.webp":"a111ced7f74c51d1d301363cd5d78975dd74fe09a127462dd36b5f1a6b329294","/images/team/t8.webp":"30a6b1b863cad852d7e096ce389e219bede3a32ea458dbd3576b76ca1aeddf9d","/images/testo/t1.webp":"a3b0de92f906c9452e8285d4a0af13752b34b617a9ab3736d00bff9f2ff38c3a","/images/testo/t2.webp":"967b2230c1c3dae4a30cc67dc8a2b3e0722c00b3cb226587b2c68676a11ce327","/images/testo/t3.webp":"fc500e52a0521561317094f3209dcb03c66ae12dc45d9c43e2447a51d966c4bc","/asset-manifest.json":"f3e9b132f3eda4b5caeb6ac2b0482bf5458089ca636eebe96cad3ff723849273","/index.html":"4ebdd9deb1fb702595e155e3fe826db189031e19e6d547262a47a1519b5bf131","/static/js/787.694e4e22.chunk.js":"dcd28eeaf506cbbbffffc7b7c8d9bd3775064a73c5f778cbff33603a9a8fc1a0","/static/js/787.694e4e22.chunk.js.map":"9787dddb928a8a51acc6c78077dcb4839b394a629ad5a37e95ca49261f42a0c2","/static/js/main.b27fc220.js.LICENSE.txt":"fab92fcdb4019783e75d1a93421c6ce0cfb032a25116017e270dec5c719d0585","/static/media/quote.974738959822dd6c58164855461a1fac.svg":"06570623089d5b49abc774b87444207699a8ec4e7b28ecda24f06dcb3c5b0c1f","/static/css/main.005b83af.css.map":"b9f4bed5b49dbd97dcd382f7491993ec4f1979637ab1e7cb52ea5986f3d5114c","/static/css/main.005b83af.css":"6df701dafc3d0b29d7f1cb43ad1ada36eef3c61b07d5e6b13b69244238b4dce9","/static/js/main.b27fc220.js":"fc1d601bc31657d0af3f7b37b5996256a1da79425c169ed7cf4f95639192447a","/static/media/autism.aa049f0eaaf3f0f53286.jpg":"cceec27d44751f82bd894af9c0b5039e68dc7b6fa262f552faf20f9f433b7a06","/static/media/vid-2.95616e1722123493fdd6.mp4":"27d3d1b38afe9e0b66027d65249e97d7c1763e4f7ce1dc086d82986395e0565a","/static/media/vid-8.a3b69de67d781e921339.mp4":"d78b35d817010c71bfce740bf0d51d737c76ae77d514fb65bbf3cafbfa5bb562","/static/media/vid-5.71bb2fdbb597a37a4537.mp4":"9dd70117d2d1568c5d3baa284989d143da4ceeb4864034d5fb761ccc00921d6e","/static/media/vid-4.3a1adb27f5d3287b9169.mp4":"7fdf220aac48c4032688c04a5138026e3596b2d3a65cb988553030bc9e7ef2ef","/static/media/vid-7.8f99167313313020cf5e.mp4":"a84c8943037d6e3d108ff98394713b5987e327a07276ddbac5a074fe0dbeacb0","/static/media/vid-3.2a9bd7853f9a2a7bcf1f.mp4":"130d8424434a9841471e4d1cb8aff24b7ade5d88d18cb0a57a442064ccd0243c","/static/js/main.b27fc220.js.map":"4150372a4432ebf35a6fecddfd9aeac00ff0e4284761a30b697aaabd706642be","/static/media/vid-6.03215286ae8b239b9730.mp4":"a8836afb45fad465f18fa6e5f2a5efb591bc06cb629697045b61612325ff830c","/static/media/vid-1.ceffa2d7db5ace39f752.mp4":"ab7fd90ce9c16b09009981f1e296a94c8cdbf08c1ac4b085ba5899d87cb2ec3e","/static/media/vid-9.6b9854222e06f848a35c.mp4":"4237e46cacd0d78e06f11cb8e0217e203c12fa8178c64a997b70ea95d61d28f5"}}
[debug] [2022-10-08T16:56:17.126Z] <<< [apiv2][status] POST https://firebasehosting.googleapis.com/v1beta1/projects/203259896312/sites/autism-32725/versions/fef6855854766c0e:populateFiles 200
[debug] [2022-10-08T16:56:17.126Z] <<< [apiv2][body] POST https://firebasehosting.googleapis.com/v1beta1/projects/203259896312/sites/autism-32725/versions/fef6855854766c0e:populateFiles {"uploadRequiredHashes":["ab7fd90ce9c16b09009981f1e296a94c8cdbf08c1ac4b085ba5899d87cb2ec3e","a84c8943037d6e3d108ff98394713b5987e327a07276ddbac5a074fe0dbeacb0","d78b35d817010c71bfce740bf0d51d737c76ae77d514fb65bbf3cafbfa5bb562","4237e46cacd0d78e06f11cb8e0217e203c12fa8178c64a997b70ea95d61d28f5","a8836afb45fad465f18fa6e5f2a5efb591bc06cb629697045b61612325ff830c","9dd70117d2d1568c5d3baa284989d143da4ceeb4864034d5fb761ccc00921d6e","130d8424434a9841471e4d1cb8aff24b7ade5d88d18cb0a57a442064ccd0243c","7fdf220aac48c4032688c04a5138026e3596b2d3a65cb988553030bc9e7ef2ef","27d3d1b38afe9e0b66027d65249e97d7c1763e4f7ce1dc086d82986395e0565a"],"uploadUrl":"https://upload-firebasehosting.googleapis.com/upload/sites/autism-32725/versions/fef6855854766c0e/files"}
[debug] [2022-10-08T16:56:17.128Z] >>> [apiv2][query] POST https://upload-firebasehosting.googleapis.com/upload/sites/autism-32725/versions/fef6855854766c0e/files/ab7fd90ce9c16b09009981f1e296a94c8cdbf08c1ac4b085ba5899d87cb2ec3e [none]
[debug] [2022-10-08T16:56:17.128Z] >>> [apiv2][body] POST https://upload-firebasehosting.googleapis.com/upload/sites/autism-32725/versions/fef6855854766c0e/files/ab7fd90ce9c16b09009981f1e296a94c8cdbf08c1ac4b085ba5899d87cb2ec3e [stream]
[debug] [2022-10-08T16:56:17.130Z] >>> [apiv2][query] POST https://upload-firebasehosting.googleapis.com/upload/sites/autism-32725/versions/fef6855854766c0e/files/a84c8943037d6e3d108ff98394713b5987e327a07276ddbac5a074fe0dbeacb0 [none]
[debug] [2022-10-08T16:56:17.130Z] >>> [apiv2][body] POST https://upload-firebasehosting.googleapis.com/upload/sites/autism-32725/versions/fef6855854766c0e/files/a84c8943037d6e3d108ff98394713b5987e327a07276ddbac5a074fe0dbeacb0 [stream]
[debug] [2022-10-08T16:56:17.131Z] >>> [apiv2][query] POST https://upload-firebasehosting.googleapis.com/upload/sites/autism-32725/versions/fef6855854766c0e/files/d78b35d817010c71bfce740bf0d51d737c76ae77d514fb65bbf3cafbfa5bb562 [none]
[debug] [2022-10-08T16:56:17.131Z] >>> [apiv2][body] POST https://upload-firebasehosting.googleapis.com/upload/sites/autism-32725/versions/fef6855854766c0e/files/d78b35d817010c71bfce740bf0d51d737c76ae77d514fb65bbf3cafbfa5bb562 [stream]
[debug] [2022-10-08T16:56:17.133Z] >>> [apiv2][query] POST https://upload-firebasehosting.googleapis.com/upload/sites/autism-32725/versions/fef6855854766c0e/files/4237e46cacd0d78e06f11cb8e0217e203c12fa8178c64a997b70ea95d61d28f5 [none]
[debug] [2022-10-08T16:56:17.133Z] >>> [apiv2][body] POST https://upload-firebasehosting.googleapis.com/upload/sites/autism-32725/versions/fef6855854766c0e/files/4237e46cacd0d78e06f11cb8e0217e203c12fa8178c64a997b70ea95d61d28f5 [stream]
[debug] [2022-10-08T16:56:17.134Z] >>> [apiv2][query] POST https://upload-firebasehosting.googleapis.com/upload/sites/autism-32725/versions/fef6855854766c0e/files/a8836afb45fad465f18fa6e5f2a5efb591bc06cb629697045b61612325ff830c [none]
[debug] [2022-10-08T16:56:17.135Z] >>> [apiv2][body] POST https://upload-firebasehosting.googleapis.com/upload/sites/autism-32725/versions/fef6855854766c0e/files/a8836afb45fad465f18fa6e5f2a5efb591bc06cb629697045b61612325ff830c [stream]
[debug] [2022-10-08T16:56:17.135Z] >>> [apiv2][query] POST https://upload-firebasehosting.googleapis.com/upload/sites/autism-32725/versions/fef6855854766c0e/files/9dd70117d2d1568c5d3baa284989d143da4ceeb4864034d5fb761ccc00921d6e [none]
[debug] [2022-10-08T16:56:17.136Z] >>> [apiv2][body] POST https://upload-firebasehosting.googleapis.com/upload/sites/autism-32725/versions/fef6855854766c0e/files/9dd70117d2d1568c5d3baa284989d143da4ceeb4864034d5fb761ccc00921d6e [stream]
[debug] [2022-10-08T16:56:17.137Z] >>> [apiv2][query] POST https://upload-firebasehosting.googleapis.com/upload/sites/autism-32725/versions/fef6855854766c0e/files/130d8424434a9841471e4d1cb8aff24b7ade5d88d18cb0a57a442064ccd0243c [none]
[debug] [2022-10-08T16:56:17.137Z] >>> [apiv2][body] POST https://upload-firebasehosting.googleapis.com/upload/sites/autism-32725/versions/fef6855854766c0e/files/130d8424434a9841471e4d1cb8aff24b7ade5d88d18cb0a57a442064ccd0243c [stream]
[debug] [2022-10-08T16:56:17.138Z] >>> [apiv2][query] POST https://upload-firebasehosting.googleapis.com/upload/sites/autism-32725/versions/fef6855854766c0e/files/7fdf220aac48c4032688c04a5138026e3596b2d3a65cb988553030bc9e7ef2ef [none]
[debug] [2022-10-08T16:56:17.138Z] >>> [apiv2][body] POST https://upload-firebasehosting.googleapis.com/upload/sites/autism-32725/versions/fef6855854766c0e/files/7fdf220aac48c4032688c04a5138026e3596b2d3a65cb988553030bc9e7ef2ef [stream]
[debug] [2022-10-08T16:56:17.139Z] >>> [apiv2][query] POST https://upload-firebasehosting.googleapis.com/upload/sites/autism-32725/versions/fef6855854766c0e/files/27d3d1b38afe9e0b66027d65249e97d7c1763e4f7ce1dc086d82986395e0565a [none]
[debug] [2022-10-08T16:56:17.139Z] >>> [apiv2][body] POST https://upload-firebasehosting.googleapis.com/upload/sites/autism-32725/versions/fef6855854766c0e/files/27d3d1b38afe9e0b66027d65249e97d7c1763e4f7ce1dc086d82986395e0565a [stream]
[debug] [2022-10-08T16:56:17.140Z] [hosting][populate queue][FINAL] {"max":1341,"min":1341,"avg":1341,"active":0,"complete":1,"success":1,"errored":0,"retried":0,"total":1,"elapsed":1353}
[debug] [2022-10-08T16:56:17.140Z] [hosting] uploads queued: 9
[debug] [2022-10-08T16:56:47.546Z] [uploadQueue] Retrying task d78b35d817010c71bfce740bf0d51d737c76ae77d514fb65bbf3cafbfa5bb562
[debug] [2022-10-08T16:56:47.547Z] >>> [apiv2][query] POST https://upload-firebasehosting.googleapis.com/upload/sites/autism-32725/versions/fef6855854766c0e/files/d78b35d817010c71bfce740bf0d51d737c76ae77d514fb65bbf3cafbfa5bb562 [none]
[debug] [2022-10-08T16:56:47.548Z] >>> [apiv2][body] POST https://upload-firebasehosting.googleapis.com/upload/sites/autism-32725/versions/fef6855854766c0e/files/d78b35d817010c71bfce740bf0d51d737c76ae77d514fb65bbf3cafbfa5bb562 [stream]
[debug] [2022-10-08T16:56:47.550Z] [uploadQueue] Retrying task 9dd70117d2d1568c5d3baa284989d143da4ceeb4864034d5fb761ccc00921d6e
[debug] [2022-10-08T16:56:47.550Z] >>> [apiv2][query] POST https://upload-firebasehosting.googleapis.com/upload/sites/autism-32725/versions/fef6855854766c0e/files/9dd70117d2d1568c5d3baa284989d143da4ceeb4864034d5fb761ccc00921d6e [none]
[debug] [2022-10-08T16:56:47.550Z] >>> [apiv2][body] POST https://upload-firebasehosting.googleapis.com/upload/sites/autism-32725/versions/fef6855854766c0e/files/9dd70117d2d1568c5d3baa284989d143da4ceeb4864034d5fb761ccc00921d6e [stream]
[debug] [2022-10-08T16:56:47.552Z] [uploadQueue] Retrying task 27d3d1b38afe9e0b66027d65249e97d7c1763e4f7ce1dc086d82986395e0565a
[debug] [2022-10-08T16:56:47.552Z] >>> [apiv2][query] POST https://upload-firebasehosting.googleapis.com/upload/sites/autism-32725/versions/fef6855854766c0e/files/27d3d1b38afe9e0b66027d65249e97d7c1763e4f7ce1dc086d82986395e0565a [none]
[debug] [2022-10-08T16:56:47.553Z] >>> [apiv2][body] POST https://upload-firebasehosting.googleapis.com/upload/sites/autism-32725/versions/fef6855854766c0e/files/27d3d1b38afe9e0b66027d65249e97d7c1763e4f7ce1dc086d82986395e0565a [stream]
[debug] [2022-10-08T16:56:48.201Z] [uploadQueue] Retrying task 7fdf220aac48c4032688c04a5138026e3596b2d3a65cb988553030bc9e7ef2ef
[debug] [2022-10-08T16:56:48.201Z] >>> [apiv2][query] POST https://upload-firebasehosting.googleapis.com/upload/sites/autism-32725/versions/fef6855854766c0e/files/7fdf220aac48c4032688c04a5138026e3596b2d3a65cb988553030bc9e7ef2ef [none]
[debug] [2022-10-08T16:56:48.202Z] >>> [apiv2][body] POST https://upload-firebasehosting.googleapis.com/upload/sites/autism-32725/versions/fef6855854766c0e/files/7fdf220aac48c4032688c04a5138026e3596b2d3a65cb988553030bc9e7ef2ef [stream]
[debug] [2022-10-08T16:56:49.195Z] <<< [apiv2][status] POST https://upload-firebasehosting.googleapis.com/upload/sites/autism-32725/versions/fef6855854766c0e/files/a8836afb45fad465f18fa6e5f2a5efb591bc06cb629697045b61612325ff830c 200
[debug] [2022-10-08T16:56:49.195Z] <<< [apiv2][body] POST https://upload-firebasehosting.googleapis.com/upload/sites/autism-32725/versions/fef6855854766c0e/files/a8836afb45fad465f18fa6e5f2a5efb591bc06cb629697045b61612325ff830c [stream]
[debug] [2022-10-08T16:56:50.346Z] [uploadQueue] Retrying task a84c8943037d6e3d108ff98394713b5987e327a07276ddbac5a074fe0dbeacb0
[debug] [2022-10-08T16:56:50.348Z] >>> [apiv2][query] POST https://upload-firebasehosting.googleapis.com/upload/sites/autism-32725/versions/fef6855854766c0e/files/a84c8943037d6e3d108ff98394713b5987e327a07276ddbac5a074fe0dbeacb0 [none]
[debug] [2022-10-08T16:56:50.348Z] >>> [apiv2][body] POST https://upload-firebasehosting.googleapis.com/upload/sites/autism-32725/versions/fef6855854766c0e/files/a84c8943037d6e3d108ff98394713b5987e327a07276ddbac5a074fe0dbeacb0 [stream]
[debug] [2022-10-08T16:56:57.077Z] [uploadQueue] Retrying task 130d8424434a9841471e4d1cb8aff24b7ade5d88d18cb0a57a442064ccd0243c
[debug] [2022-10-08T16:56:57.078Z] >>> [apiv2][query] POST https://upload-firebasehosting.googleapis.com/upload/sites/autism-32725/versions/fef6855854766c0e/files/130d8424434a9841471e4d1cb8aff24b7ade5d88d18cb0a57a442064ccd0243c [none]
[debug] [2022-10-08T16:56:57.078Z] >>> [apiv2][body] POST https://upload-firebasehosting.googleapis.com/upload/sites/autism-32725/versions/fef6855854766c0e/files/130d8424434a9841471e4d1cb8aff24b7ade5d88d18cb0a57a442064ccd0243c [stream]
[debug] [2022-10-08T16:57:18.352Z] [uploadQueue] Retrying task d78b35d817010c71bfce740bf0d51d737c76ae77d514fb65bbf3cafbfa5bb562
[debug] [2022-10-08T16:57:18.353Z] >>> [apiv2][query] POST https://upload-firebasehosting.googleapis.com/upload/sites/autism-32725/versions/fef6855854766c0e/files/d78b35d817010c71bfce740bf0d51d737c76ae77d514fb65bbf3cafbfa5bb562 [none]
[debug] [2022-10-08T16:57:18.353Z] >>> [apiv2][body] POST https://upload-firebasehosting.googleapis.com/upload/sites/autism-32725/versions/fef6855854766c0e/files/d78b35d817010c71bfce740bf0d51d737c76ae77d514fb65bbf3cafbfa5bb562 [stream]
[debug] [2022-10-08T16:57:18.355Z] [uploadQueue] Retrying task 9dd70117d2d1568c5d3baa284989d143da4ceeb4864034d5fb761ccc00921d6e
[debug] [2022-10-08T16:57:18.356Z] >>> [apiv2][query] POST https://upload-firebasehosting.googleapis.com/upload/sites/autism-32725/versions/fef6855854766c0e/files/9dd70117d2d1568c5d3baa284989d143da4ceeb4864034d5fb761ccc00921d6e [none]
[debug] [2022-10-08T16:57:18.356Z] >>> [apiv2][body] POST https://upload-firebasehosting.googleapis.com/upload/sites/autism-32725/versions/fef6855854766c0e/files/9dd70117d2d1568c5d3baa284989d143da4ceeb4864034d5fb761ccc00921d6e [stream]
[debug] [2022-10-08T16:57:18.357Z] [uploadQueue] Retrying task 27d3d1b38afe9e0b66027d65249e97d7c1763e4f7ce1dc086d82986395e0565a
[debug] [2022-10-08T16:57:18.357Z] >>> [apiv2][query] POST https://upload-firebasehosting.googleapis.com/upload/sites/autism-32725/versions/fef6855854766c0e/files/27d3d1b38afe9e0b66027d65249e97d7c1763e4f7ce1dc086d82986395e0565a [none]
[debug] [2022-10-08T16:57:18.358Z] >>> [apiv2][body] POST https://upload-firebasehosting.googleapis.com/upload/sites/autism-32725/versions/fef6855854766c0e/files/27d3d1b38afe9e0b66027d65249e97d7c1763e4f7ce1dc086d82986395e0565a [stream]
[debug] [2022-10-08T16:57:19.673Z] [uploadQueue] Retrying task 7fdf220aac48c4032688c04a5138026e3596b2d3a65cb988553030bc9e7ef2ef
[debug] [2022-10-08T16:57:19.674Z] >>> [apiv2][query] POST https://upload-firebasehosting.googleapis.com/upload/sites/autism-32725/versions/fef6855854766c0e/files/7fdf220aac48c4032688c04a5138026e3596b2d3a65cb988553030bc9e7ef2ef [none]
[debug] [2022-10-08T16:57:19.674Z] >>> [apiv2][body] POST https://upload-firebasehosting.googleapis.com/upload/sites/autism-32725/versions/fef6855854766c0e/files/7fdf220aac48c4032688c04a5138026e3596b2d3a65cb988553030bc9e7ef2ef [stream]
[debug] [2022-10-08T16:57:19.859Z] [uploadQueue] Retrying task ab7fd90ce9c16b09009981f1e296a94c8cdbf08c1ac4b085ba5899d87cb2ec3e
[debug] [2022-10-08T16:57:19.860Z] >>> [apiv2][query] POST https://upload-firebasehosting.googleapis.com/upload/sites/autism-32725/versions/fef6855854766c0e/files/ab7fd90ce9c16b09009981f1e296a94c8cdbf08c1ac4b085ba5899d87cb2ec3e [none]
[debug] [2022-10-08T16:57:19.860Z] >>> [apiv2][body] POST https://upload-firebasehosting.googleapis.com/upload/sites/autism-32725/versions/fef6855854766c0e/files/ab7fd90ce9c16b09009981f1e296a94c8cdbf08c1ac4b085ba5899d87cb2ec3e [stream]
[debug] [2022-10-08T16:57:20.898Z] [uploadQueue] Retrying task 4237e46cacd0d78e06f11cb8e0217e203c12fa8178c64a997b70ea95d61d28f5
[debug] [2022-10-08T16:57:20.898Z] >>> [apiv2][query] POST https://upload-firebasehosting.googleapis.com/upload/sites/autism-32725/versions/fef6855854766c0e/files/4237e46cacd0d78e06f11cb8e0217e203c12fa8178c64a997b70ea95d61d28f5 [none]
[debug] [2022-10-08T16:57:20.898Z] >>> [apiv2][body] POST https://upload-firebasehosting.googleapis.com/upload/sites/autism-32725/versions/fef6855854766c0e/files/4237e46cacd0d78e06f11cb8e0217e203c12fa8178c64a997b70ea95d61d28f5 [stream]
[debug] [2022-10-08T16:57:23.959Z] [uploadQueue] Retrying task a84c8943037d6e3d108ff98394713b5987e327a07276ddbac5a074fe0dbeacb0
[debug] [2022-10-08T16:57:23.960Z] >>> [apiv2][query] POST https://upload-firebasehosting.googleapis.com/upload/sites/autism-32725/versions/fef6855854766c0e/files/a84c8943037d6e3d108ff98394713b5987e327a07276ddbac5a074fe0dbeacb0 [none]
[debug] [2022-10-08T16:57:23.960Z] >>> [apiv2][body] POST https://upload-firebasehosting.googleapis.com/upload/sites/autism-32725/versions/fef6855854766c0e/files/a84c8943037d6e3d108ff98394713b5987e327a07276ddbac5a074fe0dbeacb0 [stream]
[debug] [2022-10-08T16:57:37.441Z] [uploadQueue] Retrying task 130d8424434a9841471e4d1cb8aff24b7ade5d88d18cb0a57a442064ccd0243c
[debug] [2022-10-08T16:57:37.442Z] >>> [apiv2][query] POST https://upload-firebasehosting.googleapis.com/upload/sites/autism-32725/versions/fef6855854766c0e/files/130d8424434a9841471e4d1cb8aff24b7ade5d88d18cb0a57a442064ccd0243c [none]
[debug] [2022-10-08T16:57:37.442Z] >>> [apiv2][body] POST https://upload-firebasehosting.googleapis.com/upload/sites/autism-32725/versions/fef6855854766c0e/files/130d8424434a9841471e4d1cb8aff24b7ade5d88d18cb0a57a442064ccd0243c [stream]
[debug] [2022-10-08T16:57:49.964Z] [uploadQueue] Retrying task d78b35d817010c71bfce740bf0d51d737c76ae77d514fb65bbf3cafbfa5bb562
[debug] [2022-10-08T16:57:49.964Z] >>> [apiv2][query] POST https://upload-firebasehosting.googleapis.com/upload/sites/autism-32725/versions/fef6855854766c0e/files/d78b35d817010c71bfce740bf0d51d737c76ae77d514fb65bbf3cafbfa5bb562 [none]
[debug] [2022-10-08T16:57:49.965Z] >>> [apiv2][body] POST https://upload-firebasehosting.googleapis.com/upload/sites/autism-32725/versions/fef6855854766c0e/files/d78b35d817010c71bfce740bf0d51d737c76ae77d514fb65bbf3cafbfa5bb562 [stream]
[debug] [2022-10-08T16:57:49.966Z] [uploadQueue] Retrying task 9dd70117d2d1568c5d3baa284989d143da4ceeb4864034d5fb761ccc00921d6e
[debug] [2022-10-08T16:57:49.966Z] >>> [apiv2][query] POST https://upload-firebasehosting.googleapis.com/upload/sites/autism-32725/versions/fef6855854766c0e/files/9dd70117d2d1568c5d3baa284989d143da4ceeb4864034d5fb761ccc00921d6e [none]
[debug] [2022-10-08T16:57:49.966Z] >>> [apiv2][body] POST https://upload-firebasehosting.googleapis.com/upload/sites/autism-32725/versions/fef6855854766c0e/files/9dd70117d2d1568c5d3baa284989d143da4ceeb4864034d5fb761ccc00921d6e [stream]
[debug] [2022-10-08T16:57:49.967Z] [uploadQueue] Retrying task 27d3d1b38afe9e0b66027d65249e97d7c1763e4f7ce1dc086d82986395e0565a
[debug] [2022-10-08T16:57:49.968Z] >>> [apiv2][query] POST https://upload-firebasehosting.googleapis.com/upload/sites/autism-32725/versions/fef6855854766c0e/files/27d3d1b38afe9e0b66027d65249e97d7c1763e4f7ce1dc086d82986395e0565a [none]
[debug] [2022-10-08T16:57:49.968Z] >>> [apiv2][body] POST https://upload-firebasehosting.googleapis.com/upload/sites/autism-32725/versions/fef6855854766c0e/files/27d3d1b38afe9e0b66027d65249e97d7c1763e4f7ce1dc086d82986395e0565a [stream]
[debug] [2022-10-08T16:57:51.943Z] [uploadQueue] Retrying task 7fdf220aac48c4032688c04a5138026e3596b2d3a65cb988553030bc9e7ef2ef
[debug] [2022-10-08T16:57:51.943Z] >>> [apiv2][query] POST https://upload-firebasehosting.googleapis.com/upload/sites/autism-32725/versions/fef6855854766c0e/files/7fdf220aac48c4032688c04a5138026e3596b2d3a65cb988553030bc9e7ef2ef [none]
[debug] [2022-10-08T16:57:51.943Z] >>> [apiv2][body] POST https://upload-firebasehosting.googleapis.com/upload/sites/autism-32725/versions/fef6855854766c0e/files/7fdf220aac48c4032688c04a5138026e3596b2d3a65cb988553030bc9e7ef2ef [stream]
[debug] [2022-10-08T16:57:58.364Z] [uploadQueue] Retrying task a84c8943037d6e3d108ff98394713b5987e327a07276ddbac5a074fe0dbeacb0
[debug] [2022-10-08T16:57:58.366Z] >>> [apiv2][query] POST https://upload-firebasehosting.googleapis.com/upload/sites/autism-32725/versions/fef6855854766c0e/files/a84c8943037d6e3d108ff98394713b5987e327a07276ddbac5a074fe0dbeacb0 [none]
[debug] [2022-10-08T16:57:58.367Z] >>> [apiv2][body] POST https://upload-firebasehosting.googleapis.com/upload/sites/autism-32725/versions/fef6855854766c0e/files/a84c8943037d6e3d108ff98394713b5987e327a07276ddbac5a074fe0dbeacb0 [stream]
[debug] [2022-10-08T16:58:15.824Z] <<< [apiv2][status] POST https://upload-firebasehosting.googleapis.com/upload/sites/autism-32725/versions/fef6855854766c0e/files/ab7fd90ce9c16b09009981f1e296a94c8cdbf08c1ac4b085ba5899d87cb2ec3e 200
[debug] [2022-10-08T16:58:15.824Z] <<< [apiv2][body] POST https://upload-firebasehosting.googleapis.com/upload/sites/autism-32725/versions/fef6855854766c0e/files/ab7fd90ce9c16b09009981f1e296a94c8cdbf08c1ac4b085ba5899d87cb2ec3e [stream]
[debug] [2022-10-08T16:58:18.584Z] [uploadQueue] Retrying task 130d8424434a9841471e4d1cb8aff24b7ade5d88d18cb0a57a442064ccd0243c
[debug] [2022-10-08T16:58:18.585Z] >>> [apiv2][query] POST https://upload-firebasehosting.googleapis.com/upload/sites/autism-32725/versions/fef6855854766c0e/files/130d8424434a9841471e4d1cb8aff24b7ade5d88d18cb0a57a442064ccd0243c [none]
[debug] [2022-10-08T16:58:18.585Z] >>> [apiv2][body] POST https://upload-firebasehosting.googleapis.com/upload/sites/autism-32725/versions/fef6855854766c0e/files/130d8424434a9841471e4d1cb8aff24b7ade5d88d18cb0a57a442064ccd0243c [stream]
[debug] [2022-10-08T16:58:23.181Z] [uploadQueue] Retrying task d78b35d817010c71bfce740bf0d51d737c76ae77d514fb65bbf3cafbfa5bb562
[debug] [2022-10-08T16:58:23.182Z] >>> [apiv2][query] POST https://upload-firebasehosting.googleapis.com/upload/sites/autism-32725/versions/fef6855854766c0e/files/d78b35d817010c71bfce740bf0d51d737c76ae77d514fb65bbf3cafbfa5bb562 [none]
[debug] [2022-10-08T16:58:23.182Z] >>> [apiv2][body] POST https://upload-firebasehosting.googleapis.com/upload/sites/autism-32725/versions/fef6855854766c0e/files/d78b35d817010c71bfce740bf0d51d737c76ae77d514fb65bbf3cafbfa5bb562 [stream]
[debug] [2022-10-08T16:58:23.183Z] [uploadQueue] Retrying task 9dd70117d2d1568c5d3baa284989d143da4ceeb4864034d5fb761ccc00921d6e
[debug] [2022-10-08T16:58:23.184Z] >>> [apiv2][query] POST https://upload-firebasehosting.googleapis.com/upload/sites/autism-32725/versions/fef6855854766c0e/files/9dd70117d2d1568c5d3baa284989d143da4ceeb4864034d5fb761ccc00921d6e [none]
[debug] [2022-10-08T16:58:23.184Z] >>> [apiv2][body] POST https://upload-firebasehosting.googleapis.com/upload/sites/autism-32725/versions/fef6855854766c0e/files/9dd70117d2d1568c5d3baa284989d143da4ceeb4864034d5fb761ccc00921d6e [stream]
[debug] [2022-10-08T16:58:23.186Z] [uploadQueue] Retrying task 27d3d1b38afe9e0b66027d65249e97d7c1763e4f7ce1dc086d82986395e0565a
[debug] [2022-10-08T16:58:23.186Z] >>> [apiv2][query] POST https://upload-firebasehosting.googleapis.com/upload/sites/autism-32725/versions/fef6855854766c0e/files/27d3d1b38afe9e0b66027d65249e97d7c1763e4f7ce1dc086d82986395e0565a [none]
[debug] [2022-10-08T16:58:23.186Z] >>> [apiv2][body] POST https://upload-firebasehosting.googleapis.com/upload/sites/autism-32725/versions/fef6855854766c0e/files/27d3d1b38afe9e0b66027d65249e97d7c1763e4f7ce1dc086d82986395e0565a [stream]
[debug] [2022-10-08T16:58:25.086Z] [uploadQueue] Retrying task 4237e46cacd0d78e06f11cb8e0217e203c12fa8178c64a997b70ea95d61d28f5
[debug] [2022-10-08T16:58:25.086Z] >>> [apiv2][query] POST https://upload-firebasehosting.googleapis.com/upload/sites/autism-32725/versions/fef6855854766c0e/files/4237e46cacd0d78e06f11cb8e0217e203c12fa8178c64a997b70ea95d61d28f5 [none]
[debug] [2022-10-08T16:58:25.086Z] >>> [apiv2][body] POST https://upload-firebasehosting.googleapis.com/upload/sites/autism-32725/versions/fef6855854766c0e/files/4237e46cacd0d78e06f11cb8e0217e203c12fa8178c64a997b70ea95d61d28f5 [stream]
[debug] [2022-10-08T16:58:25.817Z] [uploadQueue] Retrying task 7fdf220aac48c4032688c04a5138026e3596b2d3a65cb988553030bc9e7ef2ef
[debug] [2022-10-08T16:58:25.818Z] >>> [apiv2][query] POST https://upload-firebasehosting.googleapis.com/upload/sites/autism-32725/versions/fef6855854766c0e/files/7fdf220aac48c4032688c04a5138026e3596b2d3a65cb988553030bc9e7ef2ef [none]
[debug] [2022-10-08T16:58:25.818Z] >>> [apiv2][body] POST https://upload-firebasehosting.googleapis.com/upload/sites/autism-32725/versions/fef6855854766c0e/files/7fdf220aac48c4032688c04a5138026e3596b2d3a65cb988553030bc9e7ef2ef [stream]
[debug] [2022-10-08T16:58:34.369Z] [uploadQueue] Retrying task a84c8943037d6e3d108ff98394713b5987e327a07276ddbac5a074fe0dbeacb0
[debug] [2022-10-08T16:58:34.370Z] >>> [apiv2][query] POST https://upload-firebasehosting.googleapis.com/upload/sites/autism-32725/versions/fef6855854766c0e/files/a84c8943037d6e3d108ff98394713b5987e327a07276ddbac5a074fe0dbeacb0 [none]
[debug] [2022-10-08T16:58:34.371Z] >>> [apiv2][body] POST https://upload-firebasehosting.googleapis.com/upload/sites/autism-32725/versions/fef6855854766c0e/files/a84c8943037d6e3d108ff98394713b5987e327a07276ddbac5a074fe0dbeacb0 [stream]
[debug] [2022-10-08T16:58:46.180Z] <<< [apiv2][status] POST https://upload-firebasehosting.googleapis.com/upload/sites/autism-32725/versions/fef6855854766c0e/files/9dd70117d2d1568c5d3baa284989d143da4ceeb4864034d5fb761ccc00921d6e 200
[debug] [2022-10-08T16:58:46.180Z] <<< [apiv2][body] POST https://upload-firebasehosting.googleapis.com/upload/sites/autism-32725/versions/fef6855854766c0e/files/9dd70117d2d1568c5d3baa284989d143da4ceeb4864034d5fb761ccc00921d6e [stream]
[debug] [2022-10-08T16:58:49.908Z] <<< [apiv2][status] POST https://upload-firebasehosting.googleapis.com/upload/sites/autism-32725/versions/fef6855854766c0e/files/d78b35d817010c71bfce740bf0d51d737c76ae77d514fb65bbf3cafbfa5bb562 200
[debug] [2022-10-08T16:58:49.909Z] <<< [apiv2][body] POST https://upload-firebasehosting.googleapis.com/upload/sites/autism-32725/versions/fef6855854766c0e/files/d78b35d817010c71bfce740bf0d51d737c76ae77d514fb65bbf3cafbfa5bb562 [stream]
[debug] [2022-10-08T16:58:59.607Z] [uploadQueue] Retrying task 27d3d1b38afe9e0b66027d65249e97d7c1763e4f7ce1dc086d82986395e0565a
[debug] [2022-10-08T16:58:59.607Z] >>> [apiv2][query] POST https://upload-firebasehosting.googleapis.com/upload/sites/autism-32725/versions/fef6855854766c0e/files/27d3d1b38afe9e0b66027d65249e97d7c1763e4f7ce1dc086d82986395e0565a [none]
[debug] [2022-10-08T16:58:59.607Z] >>> [apiv2][body] POST https://upload-firebasehosting.googleapis.com/upload/sites/autism-32725/versions/fef6855854766c0e/files/27d3d1b38afe9e0b66027d65249e97d7c1763e4f7ce1dc086d82986395e0565a [stream]
[debug] [2022-10-08T16:59:01.338Z] [uploadQueue] Retrying task 130d8424434a9841471e4d1cb8aff24b7ade5d88d18cb0a57a442064ccd0243c
[debug] [2022-10-08T16:59:01.339Z] >>> [apiv2][query] POST https://upload-firebasehosting.googleapis.com/upload/sites/autism-32725/versions/fef6855854766c0e/files/130d8424434a9841471e4d1cb8aff24b7ade5d88d18cb0a57a442064ccd0243c [none]
[debug] [2022-10-08T16:59:01.339Z] >>> [apiv2][body] POST https://upload-firebasehosting.googleapis.com/upload/sites/autism-32725/versions/fef6855854766c0e/files/130d8424434a9841471e4d1cb8aff24b7ade5d88d18cb0a57a442064ccd0243c [stream]
[debug] [2022-10-08T16:59:02.895Z] [uploadQueue] Retrying task 7fdf220aac48c4032688c04a5138026e3596b2d3a65cb988553030bc9e7ef2ef
[debug] [2022-10-08T16:59:02.896Z] >>> [apiv2][query] POST https://upload-firebasehosting.googleapis.com/upload/sites/autism-32725/versions/fef6855854766c0e/files/7fdf220aac48c4032688c04a5138026e3596b2d3a65cb988553030bc9e7ef2ef [none]
[debug] [2022-10-08T16:59:02.896Z] >>> [apiv2][body] POST https://upload-firebasehosting.googleapis.com/upload/sites/autism-32725/versions/fef6855854766c0e/files/7fdf220aac48c4032688c04a5138026e3596b2d3a65cb988553030bc9e7ef2ef [stream]
[debug] [2022-10-08T16:59:13.585Z] [uploadQueue] Retrying task a84c8943037d6e3d108ff98394713b5987e327a07276ddbac5a074fe0dbeacb0
[debug] [2022-10-08T16:59:13.585Z] >>> [apiv2][query] POST https://upload-firebasehosting.googleapis.com/upload/sites/autism-32725/versions/fef6855854766c0e/files/a84c8943037d6e3d108ff98394713b5987e327a07276ddbac5a074fe0dbeacb0 [none]
[debug] [2022-10-08T16:59:13.585Z] >>> [apiv2][body] POST https://upload-firebasehosting.googleapis.com/upload/sites/autism-32725/versions/fef6855854766c0e/files/a84c8943037d6e3d108ff98394713b5987e327a07276ddbac5a074fe0dbeacb0 [stream]
[debug] Task 27d3d1b38afe9e0b66027d65249e97d7c1763e4f7ce1dc086d82986395e0565a failed: retries exhausted after 6 attempts, with error: Timeout reached making request to https://upload-firebasehosting.googleapis.com/upload/sites/autism-32725/versions/fef6855854766c0e/files/27d3d1b38afe9e0b66027d65249e97d7c1763e4f7ce1dc086d82986395e0565a
[debug] [2022-10-08T16:59:29.622Z] [hosting][upload queue][FINAL] {"max":55966,"min":22996,"avg":34439.5,"active":4,"complete":5,"success":4,"errored":1,"retried":30,"total":9,"elapsed":192496}
[debug] [2022-10-08T16:59:30.073Z] [uploadQueue] Retrying task 4237e46cacd0d78e06f11cb8e0217e203c12fa8178c64a997b70ea95d61d28f5
[debug] [2022-10-08T16:59:30.073Z] >>> [apiv2][query] POST https://upload-firebasehosting.googleapis.com/upload/sites/autism-32725/versions/fef6855854766c0e/files/4237e46cacd0d78e06f11cb8e0217e203c12fa8178c64a997b70ea95d61d28f5 [none]
[debug] [2022-10-08T16:59:30.074Z] >>> [apiv2][body] POST https://upload-firebasehosting.googleapis.com/upload/sites/autism-32725/versions/fef6855854766c0e/files/4237e46cacd0d78e06f11cb8e0217e203c12fa8178c64a997b70ea95d61d28f5 [stream]
[debug] Task 7fdf220aac48c4032688c04a5138026e3596b2d3a65cb988553030bc9e7ef2ef failed: retries exhausted after 6 attempts, with error: Timeout reached making request to https://upload-firebasehosting.googleapis.com/upload/sites/autism-32725/versions/fef6855854766c0e/files/7fdf220aac48c4032688c04a5138026e3596b2d3a65cb988553030bc9e7ef2ef
[debug] [2022-10-08T16:59:40.465Z] <<< [apiv2][status] POST https://upload-firebasehosting.googleapis.com/upload/sites/autism-32725/versions/fef6855854766c0e/files/a84c8943037d6e3d108ff98394713b5987e327a07276ddbac5a074fe0dbeacb0 200
[debug] [2022-10-08T16:59:40.466Z] <<< [apiv2][body] POST https://upload-firebasehosting.googleapis.com/upload/sites/autism-32725/versions/fef6855854766c0e/files/a84c8943037d6e3d108ff98394713b5987e327a07276ddbac5a074fe0dbeacb0 [stream]
[debug] [2022-10-08T16:59:47.291Z] [uploadQueue] Retrying task 130d8424434a9841471e4d1cb8aff24b7ade5d88d18cb0a57a442064ccd0243c
[debug] [2022-10-08T16:59:47.292Z] >>> [apiv2][query] POST https://upload-firebasehosting.googleapis.com/upload/sites/autism-32725/versions/fef6855854766c0e/files/130d8424434a9841471e4d1cb8aff24b7ade5d88d18cb0a57a442064ccd0243c [none]
[debug] [2022-10-08T16:59:47.293Z] >>> [apiv2][body] POST https://upload-firebasehosting.googleapis.com/upload/sites/autism-32725/versions/fef6855854766c0e/files/130d8424434a9841471e4d1cb8aff24b7ade5d88d18cb0a57a442064ccd0243c [stream]
[debug] [2022-10-08T16:59:58.986Z] <<< [apiv2][status] POST https://upload-firebasehosting.googleapis.com/upload/sites/autism-32725/versions/fef6855854766c0e/files/4237e46cacd0d78e06f11cb8e0217e203c12fa8178c64a997b70ea95d61d28f5 200
[debug] [2022-10-08T16:59:58.987Z] <<< [apiv2][body] POST https://upload-firebasehosting.googleapis.com/upload/sites/autism-32725/versions/fef6855854766c0e/files/4237e46cacd0d78e06f11cb8e0217e203c12fa8178c64a997b70ea95d61d28f5 [stream]
[debug] [2022-10-08T17:00:07.718Z] <<< [apiv2][status] POST https://upload-firebasehosting.googleapis.com/upload/sites/autism-32725/versions/fef6855854766c0e/files/130d8424434a9841471e4d1cb8aff24b7ade5d88d18cb0a57a442064ccd0243c 200
[debug] [2022-10-08T17:00:07.718Z] <<< [apiv2][body] POST https://upload-firebasehosting.googleapis.com/upload/sites/autism-32725/versions/fef6855854766c0e/files/130d8424434a9841471e4d1cb8aff24b7ade5d88d18cb0a57a442064ccd0243c [stream]
[debug] [2022-10-08T17:53:07.909Z] Error: kill ENOSYS
    at process.kill (internal/process/per_thread.js:204:13)
    at process.listener (C:\Users\USER\AppData\Roaming\npm\node_modules\firebase-tools\node_modules\signal-exit\index.js:95:15)
    at process.emit (events.js:400:28)
[error] 
[error] Error: An unexpected error has occurred.
